<?xml version="1.0" encoding="utf-8"?><testsuites><testsuite name="pytest" errors="0" failures="0" skipped="0" tests="9" time="0.386" timestamp="2024-09-14T17:03:48.340017" hostname="LAPTOP-9O6OL1DF"><testcase classname="test_api.TestDatabase" name="test_database_connection" time="0.134" /><testcase classname="test_api.TestDatabase" name="test_delete_from_orders" time="0.002" /><testcase classname="test_api.TestDatabase" name="test_insert_into_order_products" time="0.002" /><testcase classname="test_api.TestDatabase" name="test_insert_into_orders" time="0.001" /><testcase classname="test_api.TestDatabase" name="test_read_from_order_products" time="0.002" /><testcase classname="test_api.TestDatabase" name="test_read_from_orders" time="0.001" /><testcase classname="test_api.TestDatabase" name="test_table_order_products_exists" time="0.006" /><testcase classname="test_api.TestDatabase" name="test_table_orders_exists" time="0.001" /><testcase classname="test_api.TestDatabase" name="test_update_orders" time="0.002" /></testsuite></testsuites>